0 info it worked if it ends with ok
1 verbose cli [ '/Users/jordan/.nvm/versions/node/v6.9.0/bin/node',
1 verbose cli   '/Users/jordan/.nvm/versions/node/v6.9.0/bin/npm',
1 verbose cli   'run',
1 verbose cli   'test',
1 verbose cli   './src/' ]
2 info using npm@3.10.8
3 info using node@v6.9.0
4 verbose run-script [ 'pretest', 'test', 'posttest' ]
5 info lifecycle enzyme-wait-example@1.0.0~pretest: enzyme-wait-example@1.0.0
6 silly lifecycle enzyme-wait-example@1.0.0~pretest: no script for pretest, continuing
7 info lifecycle enzyme-wait-example@1.0.0~test: enzyme-wait-example@1.0.0
8 verbose lifecycle enzyme-wait-example@1.0.0~test: unsafe-perm in lifecycle true
9 verbose lifecycle enzyme-wait-example@1.0.0~test: PATH: /Users/jordan/.nvm/versions/node/v6.9.0/lib/node_modules/npm/bin/node-gyp-bin:/Users/jordan/Documents/riipen/enzyme-wait/example/node_modules/.bin:/Users/jordan/.nvm/versions/node/v6.9.0/bin:/Users/jordan/.rbenv/shims:/usr/local/bin:/Users/jordan/.rbenv/shims:/Users/jordan/bin:/usr/bin:/bin:/usr/sbin:/sbin:/usr/local/bin:/opt/X11/bin:/Library/TeX/texbin
10 verbose lifecycle enzyme-wait-example@1.0.0~test: CWD: /Users/jordan/Documents/riipen/enzyme-wait/example
11 silly lifecycle enzyme-wait-example@1.0.0~test: Args: [ '-c', 'jest "./src/"' ]
12 silly lifecycle enzyme-wait-example@1.0.0~test: Returned: code: 1  signal: null
13 info lifecycle enzyme-wait-example@1.0.0~test: Failed to exec test script
14 verbose stack Error: enzyme-wait-example@1.0.0 test: `jest "./src/"`
14 verbose stack Exit status 1
14 verbose stack     at EventEmitter.<anonymous> (/Users/jordan/.nvm/versions/node/v6.9.0/lib/node_modules/npm/lib/utils/lifecycle.js:255:16)
14 verbose stack     at emitTwo (events.js:106:13)
14 verbose stack     at EventEmitter.emit (events.js:191:7)
14 verbose stack     at ChildProcess.<anonymous> (/Users/jordan/.nvm/versions/node/v6.9.0/lib/node_modules/npm/lib/utils/spawn.js:40:14)
14 verbose stack     at emitTwo (events.js:106:13)
14 verbose stack     at ChildProcess.emit (events.js:191:7)
14 verbose stack     at maybeClose (internal/child_process.js:877:16)
14 verbose stack     at Process.ChildProcess._handle.onexit (internal/child_process.js:226:5)
15 verbose pkgid enzyme-wait-example@1.0.0
16 verbose cwd /Users/jordan/Documents/riipen/enzyme-wait/example
17 error Darwin 15.6.0
18 error argv "/Users/jordan/.nvm/versions/node/v6.9.0/bin/node" "/Users/jordan/.nvm/versions/node/v6.9.0/bin/npm" "run" "test" "./src/"
19 error node v6.9.0
20 error npm  v3.10.8
21 error code ELIFECYCLE
22 error enzyme-wait-example@1.0.0 test: `jest "./src/"`
22 error Exit status 1
23 error Failed at the enzyme-wait-example@1.0.0 test script 'jest "./src/"'.
23 error Make sure you have the latest version of node.js and npm installed.
23 error If you do, this is most likely a problem with the enzyme-wait-example package,
23 error not with npm itself.
23 error Tell the author that this fails on your system:
23 error     jest "./src/"
23 error You can get information on how to open an issue for this project with:
23 error     npm bugs enzyme-wait-example
23 error Or if that isn't available, you can get their info via:
23 error     npm owner ls enzyme-wait-example
23 error There is likely additional logging output above.
24 verbose exit [ 1, true ]
